<?xml version="1.0" encoding="UTF-8"?>
<!-- Generated by org.testng.reporters.JUnitReportReporter -->
<testsuite hostname="Raju" failures="0" tests="3" name="testCases.TC001_AccountRegistrationTest" time="22.588" errors="0" timestamp="2025-08-28T09:14:41 IST" skipped="0">
  <testcase classname="testCases.TC001_AccountRegistrationTest" name="verify_account_registration" time="4.868"/>
  <testcase classname="testCases.TC001_AccountRegistrationTest" name="verify_account_registration" time="8.334"/>
  <testcase classname="testCases.TC001_AccountRegistrationTest" name="verify_account_registration" time="9.386"/>
</testsuite> <!-- testCases.TC001_AccountRegistrationTest -->
